{"/Users/porkycode/Documents/porky/test_millon/frontend/src/components/properties/PropertyCard.tsx": {"path":"/Users/porkycode/Documents/porky/test_millon/frontend/src/components/properties/PropertyCard.tsx","statementMap":{"0":{"start":{"line":11,"column":57},"end":{"line":119,"column":null}},"1":{"start":{"line":12,"column":34},"end":{"line":12,"column":null}},"2":{"start":{"line":13,"column":27},"end":{"line":13,"column":null}},"3":{"start":{"line":15,"column":4},"end":{"line":15,"column":null}},"4":{"start":{"line":16,"column":20},"end":{"line":16,"column":null}},"5":{"start":{"line":18,"column":27},"end":{"line":20,"column":null}},"6":{"start":{"line":19,"column":4},"end":{"line":19,"column":null}},"7":{"start":{"line":22,"column":2},"end":{"line":117,"column":null}}},"fnMap":{"0":{"name":"(anonymous_0)","decl":{"start":{"line":11,"column":57},"end":{"line":11,"column":58}},"loc":{"start":{"line":11,"column":75},"end":{"line":119,"column":null}},"line":11},"1":{"name":"(anonymous_1)","decl":{"start":{"line":18,"column":27},"end":{"line":18,"column":33}},"loc":{"start":{"line":18,"column":33},"end":{"line":20,"column":null}},"line":18}},"branchMap":{"0":{"loc":{"start":{"line":15,"column":4},"end":{"line":15,"column":null}},"type":"cond-expr","locations":[{"start":{"line":15,"column":39},"end":{"line":15,"column":58}},{"start":{"line":15,"column":58},"end":{"line":15,"column":null}}],"line":15},"1":{"loc":{"start":{"line":15,"column":4},"end":{"line":15,"column":39}},"type":"binary-expr","locations":[{"start":{"line":15,"column":4},"end":{"line":15,"column":18}},{"start":{"line":15,"column":18},"end":{"line":15,"column":39}}],"line":15},"2":{"loc":{"start":{"line":16,"column":20},"end":{"line":16,"column":null}},"type":"binary-expr","locations":[{"start":{"line":16,"column":20},"end":{"line":16,"column":44}},{"start":{"line":16,"column":44},"end":{"line":16,"column":null}}],"line":16}},"s":{"0":2,"1":18,"2":18,"3":18,"4":18,"5":18,"6":0,"7":18},"f":{"0":18,"1":0},"b":{"0":[1,17],"1":[18,18],"2":[18,1]},"meta":{"lastBranch":3,"lastFunction":2,"lastStatement":8,"seen":{"s:11:57:119:Infinity":0,"f:11:57:11:58":0,"s:12:34:12:Infinity":1,"s:13:27:13:Infinity":2,"s:15:4:15:Infinity":3,"b:15:39:15:58:15:58:15:Infinity":0,"b:15:4:15:18:15:18:15:39":1,"s:16:20:16:Infinity":4,"b:16:20:16:44:16:44:16:Infinity":2,"s:18:27:20:Infinity":5,"f:18:27:18:33":1,"s:19:4:19:Infinity":6,"s:22:2:117:Infinity":7}}}
,"/Users/porkycode/Documents/porky/test_millon/frontend/src/components/properties/PropertyDetail.tsx": {"path":"/Users/porkycode/Documents/porky/test_millon/frontend/src/components/properties/PropertyDetail.tsx","statementMap":{"0":{"start":{"line":11,"column":61},"end":{"line":209,"column":null}},"1":{"start":{"line":12,"column":50},"end":{"line":12,"column":null}},"2":{"start":{"line":14,"column":17},"end":{"line":14,"column":null}},"3":{"start":{"line":14,"column":50},"end":{"line":14,"column":61}},"4":{"start":{"line":15,"column":23},"end":{"line":15,"column":null}},"5":{"start":{"line":16,"column":19},"end":{"line":16,"column":null}},"6":{"start":{"line":18,"column":16},"end":{"line":18,"column":null}},"7":{"start":{"line":19,"column":20},"end":{"line":19,"column":null}},"8":{"start":{"line":21,"column":17},"end":{"line":21,"column":null}},"9":{"start":{"line":22,"column":25},"end":{"line":22,"column":null}},"10":{"start":{"line":24,"column":2},"end":{"line":207,"column":null}},"11":{"start":{"line":61,"column":16},"end":{"line":75,"column":null}},"12":{"start":{"line":63,"column":33},"end":{"line":63,"column":null}},"13":{"start":{"line":187,"column":18},"end":{"line":200,"column":null}}},"fnMap":{"0":{"name":"(anonymous_0)","decl":{"start":{"line":11,"column":61},"end":{"line":11,"column":62}},"loc":{"start":{"line":11,"column":79},"end":{"line":209,"column":null}},"line":11},"1":{"name":"(anonymous_1)","decl":{"start":{"line":14,"column":41},"end":{"line":14,"column":42}},"loc":{"start":{"line":14,"column":50},"end":{"line":14,"column":61}},"line":14},"2":{"name":"(anonymous_2)","decl":{"start":{"line":60,"column":26},"end":{"line":60,"column":27}},"loc":{"start":{"line":61,"column":16},"end":{"line":75,"column":null}},"line":61},"3":{"name":"(anonymous_3)","decl":{"start":{"line":63,"column":27},"end":{"line":63,"column":33}},"loc":{"start":{"line":63,"column":33},"end":{"line":63,"column":null}},"line":63},"4":{"name":"(anonymous_4)","decl":{"start":{"line":186,"column":28},"end":{"line":186,"column":29}},"loc":{"start":{"line":187,"column":18},"end":{"line":200,"column":null}},"line":187}},"branchMap":{"0":{"loc":{"start":{"line":14,"column":17},"end":{"line":14,"column":null}},"type":"binary-expr","locations":[{"start":{"line":14,"column":17},"end":{"line":14,"column":66}},{"start":{"line":14,"column":66},"end":{"line":14,"column":null}}],"line":14},"1":{"loc":{"start":{"line":15,"column":23},"end":{"line":15,"column":null}},"type":"binary-expr","locations":[{"start":{"line":15,"column":23},"end":{"line":15,"column":53}},{"start":{"line":15,"column":53},"end":{"line":15,"column":null}}],"line":15},"2":{"loc":{"start":{"line":16,"column":19},"end":{"line":16,"column":null}},"type":"binary-expr","locations":[{"start":{"line":16,"column":19},"end":{"line":16,"column":41}},{"start":{"line":16,"column":41},"end":{"line":16,"column":null}}],"line":16},"3":{"loc":{"start":{"line":19,"column":20},"end":{"line":19,"column":null}},"type":"binary-expr","locations":[{"start":{"line":19,"column":20},"end":{"line":19,"column":35}},{"start":{"line":19,"column":35},"end":{"line":19,"column":null}}],"line":19},"4":{"loc":{"start":{"line":21,"column":17},"end":{"line":21,"column":null}},"type":"binary-expr","locations":[{"start":{"line":21,"column":17},"end":{"line":21,"column":36}},{"start":{"line":21,"column":36},"end":{"line":21,"column":null}}],"line":21},"5":{"loc":{"start":{"line":58,"column":11},"end":{"line":77,"column":null}},"type":"binary-expr","locations":[{"start":{"line":58,"column":11},"end":{"line":58,"column":null}},{"start":{"line":59,"column":12},"end":{"line":77,"column":null}}],"line":58},"6":{"loc":{"start":{"line":65,"column":20},"end":{"line":67,"column":null}},"type":"cond-expr","locations":[{"start":{"line":66,"column":24},"end":{"line":66,"column":null}},{"start":{"line":67,"column":24},"end":{"line":67,"column":null}}],"line":65},"7":{"loc":{"start":{"line":118,"column":11},"end":{"line":155,"column":null}},"type":"binary-expr","locations":[{"start":{"line":118,"column":11},"end":{"line":118,"column":null}},{"start":{"line":119,"column":12},"end":{"line":155,"column":null}}],"line":118},"8":{"loc":{"start":{"line":135,"column":17},"end":{"line":145,"column":null}},"type":"binary-expr","locations":[{"start":{"line":135,"column":17},"end":{"line":135,"column":null}},{"start":{"line":136,"column":18},"end":{"line":145,"column":null}}],"line":135},"9":{"loc":{"start":{"line":161,"column":7},"end":{"line":205,"column":null}},"type":"binary-expr","locations":[{"start":{"line":161,"column":7},"end":{"line":161,"column":null}},{"start":{"line":162,"column":8},"end":{"line":205,"column":null}}],"line":161}},"s":{"0":1,"1":15,"2":15,"3":28,"4":15,"5":15,"6":15,"7":15,"8":15,"9":15,"10":15,"11":26,"12":1,"13":14},"f":{"0":15,"1":28,"2":26,"3":1,"4":14},"b":{"0":[15,0],"1":[15,1],"2":[15,1],"3":[15,1],"4":[15,0],"5":[15,13],"6":[13,13],"7":[15,14],"8":[14,14],"9":[15,14]},"meta":{"lastBranch":10,"lastFunction":5,"lastStatement":14,"seen":{"s:11:61:209:Infinity":0,"f:11:61:11:62":0,"s:12:50:12:Infinity":1,"s:14:17:14:Infinity":2,"b:14:17:14:66:14:66:14:Infinity":0,"f:14:41:14:42":1,"s:14:50:14:61":3,"s:15:23:15:Infinity":4,"b:15:23:15:53:15:53:15:Infinity":1,"s:16:19:16:Infinity":5,"b:16:19:16:41:16:41:16:Infinity":2,"s:18:16:18:Infinity":6,"s:19:20:19:Infinity":7,"b:19:20:19:35:19:35:19:Infinity":3,"s:21:17:21:Infinity":8,"b:21:17:21:36:21:36:21:Infinity":4,"s:22:25:22:Infinity":9,"s:24:2:207:Infinity":10,"b:58:11:58:Infinity:59:12:77:Infinity":5,"f:60:26:60:27":2,"s:61:16:75:Infinity":11,"f:63:27:63:33":3,"s:63:33:63:Infinity":12,"b:66:24:66:Infinity:67:24:67:Infinity":6,"b:118:11:118:Infinity:119:12:155:Infinity":7,"b:135:17:135:Infinity:136:18:145:Infinity":8,"b:161:7:161:Infinity:162:8:205:Infinity":9,"f:186:28:186:29":4,"s:187:18:200:Infinity":13}}}
,"/Users/porkycode/Documents/porky/test_millon/frontend/src/components/properties/PropertyFilters.tsx": {"path":"/Users/porkycode/Documents/porky/test_millon/frontend/src/components/properties/PropertyFilters.tsx","statementMap":{"0":{"start":{"line":16,"column":29},"end":{"line":62,"column":null}},"1":{"start":{"line":20,"column":4},"end":{"line":20,"column":null}},"2":{"start":{"line":23,"column":4},"end":{"line":23,"column":null}},"3":{"start":{"line":27,"column":4},"end":{"line":29,"column":null}},"4":{"start":{"line":28,"column":6},"end":{"line":28,"column":null}},"5":{"start":{"line":30,"column":4},"end":{"line":30,"column":null}},"6":{"start":{"line":38,"column":4},"end":{"line":40,"column":null}},"7":{"start":{"line":39,"column":6},"end":{"line":39,"column":null}},"8":{"start":{"line":41,"column":4},"end":{"line":41,"column":null}},"9":{"start":{"line":49,"column":4},"end":{"line":55,"column":null}},"10":{"start":{"line":54,"column":6},"end":{"line":54,"column":null}},"11":{"start":{"line":56,"column":4},"end":{"line":56,"column":null}},"12":{"start":{"line":70,"column":63},"end":{"line":214,"column":null}},"13":{"start":{"line":80,"column":2},"end":{"line":88,"column":null}},"14":{"start":{"line":90,"column":19},"end":{"line":99,"column":null}},"15":{"start":{"line":91,"column":39},"end":{"line":96,"column":null}},"16":{"start":{"line":98,"column":4},"end":{"line":98,"column":null}},"17":{"start":{"line":101,"column":22},"end":{"line":109,"column":null}},"18":{"start":{"line":102,"column":4},"end":{"line":107,"column":null}},"19":{"start":{"line":108,"column":4},"end":{"line":108,"column":null}},"20":{"start":{"line":111,"column":2},"end":{"line":212,"column":null}}},"fnMap":{"0":{"name":"(anonymous_0)","decl":{"start":{"line":19,"column":64},"end":{"line":19,"column":null}},"loc":{"start":{"line":20,"column":4},"end":{"line":20,"column":null}},"line":20},"1":{"name":"(anonymous_1)","decl":{"start":{"line":22,"column":64},"end":{"line":22,"column":null}},"loc":{"start":{"line":23,"column":4},"end":{"line":23,"column":null}},"line":23},"2":{"name":"(anonymous_2)","decl":{"start":{"line":26,"column":2},"end":{"line":26,"column":3}},"loc":{"start":{"line":26,"column":12},"end":{"line":31,"column":null}},"line":26},"3":{"name":"(anonymous_3)","decl":{"start":{"line":37,"column":2},"end":{"line":37,"column":3}},"loc":{"start":{"line":37,"column":12},"end":{"line":42,"column":null}},"line":37},"4":{"name":"(anonymous_4)","decl":{"start":{"line":48,"column":2},"end":{"line":48,"column":3}},"loc":{"start":{"line":48,"column":12},"end":{"line":57,"column":null}},"line":48},"5":{"name":"(anonymous_5)","decl":{"start":{"line":70,"column":63},"end":{"line":70,"column":64}},"loc":{"start":{"line":74,"column":6},"end":{"line":214,"column":null}},"line":74},"6":{"name":"(anonymous_6)","decl":{"start":{"line":90,"column":19},"end":{"line":90,"column":20}},"loc":{"start":{"line":90,"column":53},"end":{"line":99,"column":null}},"line":90},"7":{"name":"(anonymous_7)","decl":{"start":{"line":101,"column":22},"end":{"line":101,"column":28}},"loc":{"start":{"line":101,"column":28},"end":{"line":109,"column":null}},"line":101}},"branchMap":{"0":{"loc":{"start":{"line":20,"column":4},"end":{"line":20,"column":null}},"type":"cond-expr","locations":[{"start":{"line":20,"column":67},"end":{"line":20,"column":79}},{"start":{"line":20,"column":79},"end":{"line":20,"column":null}}],"line":20},"1":{"loc":{"start":{"line":20,"column":4},"end":{"line":20,"column":67}},"type":"binary-expr","locations":[{"start":{"line":20,"column":4},"end":{"line":20,"column":26}},{"start":{"line":20,"column":26},"end":{"line":20,"column":53}},{"start":{"line":20,"column":53},"end":{"line":20,"column":67}}],"line":20},"2":{"loc":{"start":{"line":23,"column":4},"end":{"line":23,"column":null}},"type":"cond-expr","locations":[{"start":{"line":23,"column":67},"end":{"line":23,"column":79}},{"start":{"line":23,"column":79},"end":{"line":23,"column":null}}],"line":23},"3":{"loc":{"start":{"line":23,"column":4},"end":{"line":23,"column":67}},"type":"binary-expr","locations":[{"start":{"line":23,"column":4},"end":{"line":23,"column":26}},{"start":{"line":23,"column":26},"end":{"line":23,"column":53}},{"start":{"line":23,"column":53},"end":{"line":23,"column":67}}],"line":23},"4":{"loc":{"start":{"line":27,"column":4},"end":{"line":29,"column":null}},"type":"if","locations":[{"start":{"line":27,"column":4},"end":{"line":29,"column":null}},{"start":{},"end":{}}],"line":27},"5":{"loc":{"start":{"line":27,"column":8},"end":{"line":27,"column":58}},"type":"binary-expr","locations":[{"start":{"line":27,"column":8},"end":{"line":27,"column":39}},{"start":{"line":27,"column":39},"end":{"line":27,"column":58}}],"line":27},"6":{"loc":{"start":{"line":38,"column":4},"end":{"line":40,"column":null}},"type":"if","locations":[{"start":{"line":38,"column":4},"end":{"line":40,"column":null}},{"start":{},"end":{}}],"line":38},"7":{"loc":{"start":{"line":38,"column":8},"end":{"line":38,"column":58}},"type":"binary-expr","locations":[{"start":{"line":38,"column":8},"end":{"line":38,"column":39}},{"start":{"line":38,"column":39},"end":{"line":38,"column":58}}],"line":38},"8":{"loc":{"start":{"line":49,"column":4},"end":{"line":55,"column":null}},"type":"if","locations":[{"start":{"line":49,"column":4},"end":{"line":55,"column":null}},{"start":{},"end":{}}],"line":49},"9":{"loc":{"start":{"line":50,"column":6},"end":{"line":52,"column":null}},"type":"binary-expr","locations":[{"start":{"line":50,"column":6},"end":{"line":50,"column":null}},{"start":{"line":51,"column":6},"end":{"line":51,"column":null}},{"start":{"line":52,"column":6},"end":{"line":52,"column":null}}],"line":50},"10":{"loc":{"start":{"line":83,"column":12},"end":{"line":83,"column":null}},"type":"binary-expr","locations":[{"start":{"line":83,"column":12},"end":{"line":83,"column":28}},{"start":{"line":83,"column":28},"end":{"line":83,"column":null}}],"line":83},"11":{"loc":{"start":{"line":84,"column":15},"end":{"line":84,"column":null}},"type":"binary-expr","locations":[{"start":{"line":84,"column":15},"end":{"line":84,"column":34}},{"start":{"line":84,"column":34},"end":{"line":84,"column":null}}],"line":84},"12":{"loc":{"start":{"line":92,"column":12},"end":{"line":92,"column":null}},"type":"binary-expr","locations":[{"start":{"line":92,"column":12},"end":{"line":92,"column":25}},{"start":{"line":92,"column":25},"end":{"line":92,"column":null}}],"line":92},"13":{"loc":{"start":{"line":93,"column":15},"end":{"line":93,"column":null}},"type":"binary-expr","locations":[{"start":{"line":93,"column":15},"end":{"line":93,"column":31}},{"start":{"line":93,"column":31},"end":{"line":93,"column":null}}],"line":93},"14":{"loc":{"start":{"line":94,"column":16},"end":{"line":94,"column":null}},"type":"cond-expr","locations":[{"start":{"line":94,"column":71},"end":{"line":94,"column":87}},{"start":{"line":94,"column":87},"end":{"line":94,"column":null}}],"line":94},"15":{"loc":{"start":{"line":94,"column":16},"end":{"line":94,"column":71}},"type":"binary-expr","locations":[{"start":{"line":94,"column":16},"end":{"line":94,"column":47}},{"start":{"line":94,"column":47},"end":{"line":94,"column":71}}],"line":94},"16":{"loc":{"start":{"line":95,"column":16},"end":{"line":95,"column":null}},"type":"cond-expr","locations":[{"start":{"line":95,"column":71},"end":{"line":95,"column":87}},{"start":{"line":95,"column":87},"end":{"line":95,"column":null}}],"line":95},"17":{"loc":{"start":{"line":95,"column":16},"end":{"line":95,"column":71}},"type":"binary-expr","locations":[{"start":{"line":95,"column":16},"end":{"line":95,"column":47}},{"start":{"line":95,"column":47},"end":{"line":95,"column":71}}],"line":95}},"s":{"0":1,"1":5,"2":5,"3":5,"4":1,"5":4,"6":5,"7":1,"8":4,"9":5,"10":1,"11":4,"12":1,"13":27,"14":27,"15":2,"16":2,"17":27,"18":2,"19":2,"20":27},"f":{"0":5,"1":5,"2":5,"3":5,"4":5,"5":27,"6":2,"7":2},"b":{"0":[2,3],"1":[5,5,5],"2":[2,3],"3":[5,5,5],"4":[1,4],"5":[5,3],"6":[1,4],"7":[5,3],"8":[1,4],"9":[5,3,2],"10":[27,25],"11":[27,25],"12":[2,1],"13":[2,1],"14":[1,1],"15":[2,1],"16":[1,1],"17":[2,1]},"meta":{"lastBranch":18,"lastFunction":8,"lastStatement":21,"seen":{"s:16:29:62:Infinity":0,"f:19:64:19:Infinity":0,"s:20:4:20:Infinity":1,"b:20:67:20:79:20:79:20:Infinity":0,"b:20:4:20:26:20:26:20:53:20:53:20:67":1,"f:22:64:22:Infinity":1,"s:23:4:23:Infinity":2,"b:23:67:23:79:23:79:23:Infinity":2,"b:23:4:23:26:23:26:23:53:23:53:23:67":3,"f:26:2:26:3":2,"b:27:4:29:Infinity:undefined:undefined:undefined:undefined":4,"s:27:4:29:Infinity":3,"b:27:8:27:39:27:39:27:58":5,"s:28:6:28:Infinity":4,"s:30:4:30:Infinity":5,"f:37:2:37:3":3,"b:38:4:40:Infinity:undefined:undefined:undefined:undefined":6,"s:38:4:40:Infinity":6,"b:38:8:38:39:38:39:38:58":7,"s:39:6:39:Infinity":7,"s:41:4:41:Infinity":8,"f:48:2:48:3":4,"b:49:4:55:Infinity:undefined:undefined:undefined:undefined":8,"s:49:4:55:Infinity":9,"b:50:6:50:Infinity:51:6:51:Infinity:52:6:52:Infinity":9,"s:54:6:54:Infinity":10,"s:56:4:56:Infinity":11,"s:70:63:214:Infinity":12,"f:70:63:70:64":5,"s:80:2:88:Infinity":13,"b:83:12:83:28:83:28:83:Infinity":10,"b:84:15:84:34:84:34:84:Infinity":11,"s:90:19:99:Infinity":14,"f:90:19:90:20":6,"s:91:39:96:Infinity":15,"b:92:12:92:25:92:25:92:Infinity":12,"b:93:15:93:31:93:31:93:Infinity":13,"b:94:71:94:87:94:87:94:Infinity":14,"b:94:16:94:47:94:47:94:71":15,"b:95:71:95:87:95:87:95:Infinity":16,"b:95:16:95:47:95:47:95:71":17,"s:98:4:98:Infinity":16,"s:101:22:109:Infinity":17,"f:101:22:101:28":7,"s:102:4:107:Infinity":18,"s:108:4:108:Infinity":19,"s:111:2:212:Infinity":20}}}
,"/Users/porkycode/Documents/porky/test_millon/frontend/src/components/properties/PropertyList.tsx": {"path":"/Users/porkycode/Documents/porky/test_millon/frontend/src/components/properties/PropertyList.tsx","statementMap":{"0":{"start":{"line":11,"column":57},"end":{"line":100,"column":null}},"1":{"start":{"line":16,"column":2},"end":{"line":35,"column":null}},"2":{"start":{"line":17,"column":4},"end":{"line":33,"column":null}},"3":{"start":{"line":20,"column":10},"end":{"line":31,"column":null}},"4":{"start":{"line":37,"column":2},"end":{"line":61,"column":null}},"5":{"start":{"line":38,"column":4},"end":{"line":59,"column":null}},"6":{"start":{"line":63,"column":2},"end":{"line":89,"column":null}},"7":{"start":{"line":64,"column":4},"end":{"line":87,"column":null}},"8":{"start":{"line":91,"column":2},"end":{"line":98,"column":null}},"9":{"start":{"line":95,"column":10},"end":{"line":95,"column":null}}},"fnMap":{"0":{"name":"(anonymous_0)","decl":{"start":{"line":11,"column":57},"end":{"line":11,"column":58}},"loc":{"start":{"line":15,"column":6},"end":{"line":100,"column":null}},"line":15},"1":{"name":"(anonymous_1)","decl":{"start":{"line":19,"column":27},"end":{"line":19,"column":28}},"loc":{"start":{"line":20,"column":10},"end":{"line":31,"column":null}},"line":20},"2":{"name":"(anonymous_2)","decl":{"start":{"line":94,"column":24},"end":{"line":94,"column":25}},"loc":{"start":{"line":95,"column":10},"end":{"line":95,"column":null}},"line":95}},"branchMap":{"0":{"loc":{"start":{"line":13,"column":2},"end":{"line":13,"column":null}},"type":"default-arg","locations":[{"start":{"line":13,"column":14},"end":{"line":13,"column":null}}],"line":13},"1":{"loc":{"start":{"line":14,"column":2},"end":{"line":14,"column":null}},"type":"default-arg","locations":[{"start":{"line":14,"column":10},"end":{"line":14,"column":null}}],"line":14},"2":{"loc":{"start":{"line":16,"column":2},"end":{"line":35,"column":null}},"type":"if","locations":[{"start":{"line":16,"column":2},"end":{"line":35,"column":null}},{"start":{},"end":{}}],"line":16},"3":{"loc":{"start":{"line":37,"column":2},"end":{"line":61,"column":null}},"type":"if","locations":[{"start":{"line":37,"column":2},"end":{"line":61,"column":null}},{"start":{},"end":{}}],"line":37},"4":{"loc":{"start":{"line":63,"column":2},"end":{"line":89,"column":null}},"type":"if","locations":[{"start":{"line":63,"column":2},"end":{"line":89,"column":null}},{"start":{},"end":{}}],"line":63}},"s":{"0":1,"1":9,"2":2,"3":12,"4":7,"5":2,"6":5,"7":1,"8":4,"9":8},"f":{"0":9,"1":12,"2":8},"b":{"0":[9],"1":[9],"2":[2,7],"3":[2,5],"4":[1,4]},"meta":{"lastBranch":5,"lastFunction":3,"lastStatement":10,"seen":{"s:11:57:100:Infinity":0,"f:11:57:11:58":0,"b:13:14:13:Infinity":0,"b:14:10:14:Infinity":1,"b:16:2:35:Infinity:undefined:undefined:undefined:undefined":2,"s:16:2:35:Infinity":1,"s:17:4:33:Infinity":2,"f:19:27:19:28":1,"s:20:10:31:Infinity":3,"b:37:2:61:Infinity:undefined:undefined:undefined:undefined":3,"s:37:2:61:Infinity":4,"s:38:4:59:Infinity":5,"b:63:2:89:Infinity:undefined:undefined:undefined:undefined":4,"s:63:2:89:Infinity":6,"s:64:4:87:Infinity":7,"s:91:2:98:Infinity":8,"f:94:24:94:25":2,"s:95:10:95:Infinity":9}}}
,"/Users/porkycode/Documents/porky/test_millon/frontend/src/components/ui/Button.tsx": {"path":"/Users/porkycode/Documents/porky/test_millon/frontend/src/components/ui/Button.tsx","statementMap":{"0":{"start":{"line":11,"column":45},"end":{"line":45,"column":null}},"1":{"start":{"line":20,"column":4},"end":{"line":20,"column":null}},"2":{"start":{"line":22,"column":24},"end":{"line":30,"column":null}},"3":{"start":{"line":32,"column":21},"end":{"line":36,"column":null}},"4":{"start":{"line":38,"column":28},"end":{"line":38,"column":null}},"5":{"start":{"line":40,"column":2},"end":{"line":43,"column":null}}},"fnMap":{"0":{"name":"(anonymous_0)","decl":{"start":{"line":11,"column":45},"end":{"line":11,"column":46}},"loc":{"start":{"line":18,"column":6},"end":{"line":45,"column":null}},"line":18}},"branchMap":{"0":{"loc":{"start":{"line":12,"column":2},"end":{"line":12,"column":null}},"type":"default-arg","locations":[{"start":{"line":12,"column":12},"end":{"line":12,"column":null}}],"line":12},"1":{"loc":{"start":{"line":13,"column":2},"end":{"line":13,"column":null}},"type":"default-arg","locations":[{"start":{"line":13,"column":9},"end":{"line":13,"column":null}}],"line":13},"2":{"loc":{"start":{"line":14,"column":2},"end":{"line":14,"column":null}},"type":"default-arg","locations":[{"start":{"line":14,"column":13},"end":{"line":14,"column":null}}],"line":14},"3":{"loc":{"start":{"line":16,"column":2},"end":{"line":16,"column":null}},"type":"default-arg","locations":[{"start":{"line":16,"column":14},"end":{"line":16,"column":null}}],"line":16}},"s":{"0":3,"1":82,"2":82,"3":82,"4":82,"5":82},"f":{"0":82},"b":{"0":[82],"1":[82],"2":[82],"3":[82]},"meta":{"lastBranch":4,"lastFunction":1,"lastStatement":6,"seen":{"s:11:45:45:Infinity":0,"f:11:45:11:46":0,"b:12:12:12:Infinity":0,"b:13:9:13:Infinity":1,"b:14:13:14:Infinity":2,"b:16:14:16:Infinity":3,"s:20:4:20:Infinity":1,"s:22:24:30:Infinity":2,"s:32:21:36:Infinity":3,"s:38:28:38:Infinity":4,"s:40:2:43:Infinity":5}}}
,"/Users/porkycode/Documents/porky/test_millon/frontend/src/components/ui/Card.tsx": {"path":"/Users/porkycode/Documents/porky/test_millon/frontend/src/components/ui/Card.tsx","statementMap":{"0":{"start":{"line":10,"column":41},"end":{"line":49,"column":null}},"1":{"start":{"line":17,"column":4},"end":{"line":17,"column":null}},"2":{"start":{"line":19,"column":22},"end":{"line":21,"column":null}},"3":{"start":{"line":23,"column":22},"end":{"line":25,"column":null}},"4":{"start":{"line":27,"column":28},"end":{"line":27,"column":null}},"5":{"start":{"line":29,"column":2},"end":{"line":47,"column":null}},"6":{"start":{"line":38,"column":14},"end":{"line":41,"column":null}},"7":{"start":{"line":39,"column":16},"end":{"line":39,"column":null}},"8":{"start":{"line":40,"column":16},"end":{"line":40,"column":null}}},"fnMap":{"0":{"name":"(anonymous_0)","decl":{"start":{"line":10,"column":41},"end":{"line":10,"column":42}},"loc":{"start":{"line":15,"column":6},"end":{"line":49,"column":null}},"line":15},"1":{"name":"(anonymous_1)","decl":{"start":{"line":37,"column":12},"end":{"line":37,"column":13}},"loc":{"start":{"line":37,"column":19},"end":{"line":42,"column":null}},"line":37}},"branchMap":{"0":{"loc":{"start":{"line":12,"column":2},"end":{"line":12,"column":null}},"type":"default-arg","locations":[{"start":{"line":12,"column":14},"end":{"line":12,"column":null}}],"line":12},"1":{"loc":{"start":{"line":13,"column":2},"end":{"line":13,"column":null}},"type":"default-arg","locations":[{"start":{"line":13,"column":14},"end":{"line":13,"column":null}}],"line":13},"2":{"loc":{"start":{"line":19,"column":22},"end":{"line":21,"column":null}},"type":"cond-expr","locations":[{"start":{"line":20,"column":6},"end":{"line":20,"column":null}},{"start":{"line":21,"column":6},"end":{"line":21,"column":null}}],"line":19},"3":{"loc":{"start":{"line":23,"column":22},"end":{"line":25,"column":null}},"type":"cond-expr","locations":[{"start":{"line":24,"column":6},"end":{"line":24,"column":null}},{"start":{"line":25,"column":6},"end":{"line":25,"column":null}}],"line":23},"4":{"loc":{"start":{"line":23,"column":22},"end":{"line":23,"column":null}},"type":"binary-expr","locations":[{"start":{"line":23,"column":22},"end":{"line":23,"column":33}},{"start":{"line":23,"column":33},"end":{"line":23,"column":null}}],"line":23},"5":{"loc":{"start":{"line":33,"column":12},"end":{"line":33,"column":null}},"type":"cond-expr","locations":[{"start":{"line":33,"column":22},"end":{"line":33,"column":33}},{"start":{"line":33,"column":33},"end":{"line":33,"column":null}}],"line":33},"6":{"loc":{"start":{"line":34,"column":16},"end":{"line":34,"column":null}},"type":"cond-expr","locations":[{"start":{"line":34,"column":26},"end":{"line":34,"column":30}},{"start":{"line":34,"column":30},"end":{"line":34,"column":null}}],"line":34},"7":{"loc":{"start":{"line":36,"column":8},"end":{"line":43,"column":null}},"type":"cond-expr","locations":[{"start":{"line":37,"column":12},"end":{"line":42,"column":null}},{"start":{"line":43,"column":12},"end":{"line":43,"column":null}}],"line":36},"8":{"loc":{"start":{"line":38,"column":14},"end":{"line":41,"column":null}},"type":"if","locations":[{"start":{"line":38,"column":14},"end":{"line":41,"column":null}},{"start":{},"end":{}}],"line":38},"9":{"loc":{"start":{"line":38,"column":18},"end":{"line":38,"column":54}},"type":"binary-expr","locations":[{"start":{"line":38,"column":18},"end":{"line":38,"column":39}},{"start":{"line":38,"column":39},"end":{"line":38,"column":54}}],"line":38}},"s":{"0":3,"1":28,"2":28,"3":28,"4":28,"5":28,"6":2,"7":2,"8":2},"f":{"0":28,"1":2},"b":{"0":[28],"1":[28],"2":[19,9],"3":[5,23],"4":[28,5],"5":[5,23],"6":[5,23],"7":[2,23],"8":[2,0],"9":[2,1]},"meta":{"lastBranch":10,"lastFunction":2,"lastStatement":9,"seen":{"s:10:41:49:Infinity":0,"f:10:41:10:42":0,"b:12:14:12:Infinity":0,"b:13:14:13:Infinity":1,"s:17:4:17:Infinity":1,"s:19:22:21:Infinity":2,"b:20:6:20:Infinity:21:6:21:Infinity":2,"s:23:22:25:Infinity":3,"b:24:6:24:Infinity:25:6:25:Infinity":3,"b:23:22:23:33:23:33:23:Infinity":4,"s:27:28:27:Infinity":4,"s:29:2:47:Infinity":5,"b:33:22:33:33:33:33:33:Infinity":5,"b:34:26:34:30:34:30:34:Infinity":6,"b:37:12:42:Infinity:43:12:43:Infinity":7,"f:37:12:37:13":1,"b:38:14:41:Infinity:undefined:undefined:undefined:undefined":8,"s:38:14:41:Infinity":6,"b:38:18:38:39:38:39:38:54":9,"s:39:16:39:Infinity":7,"s:40:16:40:Infinity":8}}}
,"/Users/porkycode/Documents/porky/test_millon/frontend/src/components/ui/Input.tsx": {"path":"/Users/porkycode/Documents/porky/test_millon/frontend/src/components/ui/Input.tsx","statementMap":{"0":{"start":{"line":9,"column":21},"end":{"line":53,"column":null}},"1":{"start":{"line":11,"column":20},"end":{"line":11,"column":null}},"2":{"start":{"line":12,"column":22},"end":{"line":12,"column":null}},"3":{"start":{"line":15,"column":6},"end":{"line":15,"column":null}},"4":{"start":{"line":17,"column":24},"end":{"line":19,"column":null}},"5":{"start":{"line":21,"column":30},"end":{"line":21,"column":null}},"6":{"start":{"line":23,"column":4},"end":{"line":50,"column":null}},"7":{"start":{"line":55,"column":0},"end":{"line":55,"column":null}}},"fnMap":{"0":{"name":"(anonymous_0)","decl":{"start":{"line":10,"column":2},"end":{"line":10,"column":3}},"loc":{"start":{"line":10,"column":69},"end":{"line":52,"column":null}},"line":10}},"branchMap":{"0":{"loc":{"start":{"line":10,"column":29},"end":{"line":10,"column":45}},"type":"default-arg","locations":[{"start":{"line":10,"column":41},"end":{"line":10,"column":45}}],"line":10},"1":{"loc":{"start":{"line":11,"column":20},"end":{"line":11,"column":null}},"type":"binary-expr","locations":[{"start":{"line":11,"column":20},"end":{"line":11,"column":26}},{"start":{"line":11,"column":26},"end":{"line":11,"column":null}}],"line":11},"2":{"loc":{"start":{"line":12,"column":22},"end":{"line":12,"column":null}},"type":"binary-expr","locations":[{"start":{"line":12,"column":22},"end":{"line":12,"column":34}},{"start":{"line":12,"column":34},"end":{"line":12,"column":null}}],"line":12},"3":{"loc":{"start":{"line":17,"column":24},"end":{"line":19,"column":null}},"type":"cond-expr","locations":[{"start":{"line":18,"column":8},"end":{"line":18,"column":null}},{"start":{"line":19,"column":8},"end":{"line":19,"column":null}}],"line":17},"4":{"loc":{"start":{"line":25,"column":9},"end":{"line":31,"column":null}},"type":"binary-expr","locations":[{"start":{"line":25,"column":9},"end":{"line":25,"column":null}},{"start":{"line":26,"column":10},"end":{"line":31,"column":null}}],"line":25},"5":{"loc":{"start":{"line":38,"column":28},"end":{"line":38,"column":null}},"type":"cond-expr","locations":[{"start":{"line":38,"column":40},"end":{"line":38,"column":61}},{"start":{"line":38,"column":61},"end":{"line":38,"column":null}}],"line":38},"6":{"loc":{"start":{"line":41,"column":9},"end":{"line":48,"column":null}},"type":"binary-expr","locations":[{"start":{"line":41,"column":9},"end":{"line":41,"column":null}},{"start":{"line":42,"column":10},"end":{"line":48,"column":null}}],"line":41}},"s":{"0":2,"1":121,"2":121,"3":121,"4":121,"5":121,"6":121,"7":2},"f":{"0":121},"b":{"0":[121],"1":[121,121],"2":[121,120],"3":[8,113],"4":[121,120],"5":[8,113],"6":[121,7]},"meta":{"lastBranch":7,"lastFunction":1,"lastStatement":8,"seen":{"s:9:21:53:Infinity":0,"f:10:2:10:3":0,"b:10:41:10:45":0,"s:11:20:11:Infinity":1,"b:11:20:11:26:11:26:11:Infinity":1,"s:12:22:12:Infinity":2,"b:12:22:12:34:12:34:12:Infinity":2,"s:15:6:15:Infinity":3,"s:17:24:19:Infinity":4,"b:18:8:18:Infinity:19:8:19:Infinity":3,"s:21:30:21:Infinity":5,"s:23:4:50:Infinity":6,"b:25:9:25:Infinity:26:10:31:Infinity":4,"b:38:40:38:61:38:61:38:Infinity":5,"b:41:9:41:Infinity:42:10:48:Infinity":6,"s:55:0:55:Infinity":7}}}
,"/Users/porkycode/Documents/porky/test_millon/frontend/src/components/ui/Select.tsx": {"path":"/Users/porkycode/Documents/porky/test_millon/frontend/src/components/ui/Select.tsx","statementMap":{"0":{"start":{"line":17,"column":22},"end":{"line":84,"column":null}},"1":{"start":{"line":31,"column":21},"end":{"line":31,"column":null}},"2":{"start":{"line":32,"column":22},"end":{"line":32,"column":null}},"3":{"start":{"line":35,"column":6},"end":{"line":35,"column":null}},"4":{"start":{"line":37,"column":24},"end":{"line":39,"column":null}},"5":{"start":{"line":41,"column":30},"end":{"line":41,"column":null}},"6":{"start":{"line":43,"column":4},"end":{"line":81,"column":null}},"7":{"start":{"line":67,"column":12},"end":{"line":69,"column":null}},"8":{"start":{"line":86,"column":0},"end":{"line":86,"column":null}}},"fnMap":{"0":{"name":"(anonymous_0)","decl":{"start":{"line":18,"column":2},"end":{"line":18,"column":null}},"loc":{"start":{"line":30,"column":7},"end":{"line":83,"column":null}},"line":30},"1":{"name":"(anonymous_1)","decl":{"start":{"line":66,"column":23},"end":{"line":66,"column":24}},"loc":{"start":{"line":67,"column":12},"end":{"line":69,"column":null}},"line":67}},"branchMap":{"0":{"loc":{"start":{"line":25,"column":6},"end":{"line":25,"column":null}},"type":"default-arg","locations":[{"start":{"line":25,"column":18},"end":{"line":25,"column":null}}],"line":25},"1":{"loc":{"start":{"line":31,"column":21},"end":{"line":31,"column":null}},"type":"binary-expr","locations":[{"start":{"line":31,"column":21},"end":{"line":31,"column":27}},{"start":{"line":31,"column":27},"end":{"line":31,"column":null}}],"line":31},"2":{"loc":{"start":{"line":32,"column":22},"end":{"line":32,"column":null}},"type":"binary-expr","locations":[{"start":{"line":32,"column":22},"end":{"line":32,"column":34}},{"start":{"line":32,"column":34},"end":{"line":32,"column":null}}],"line":32},"3":{"loc":{"start":{"line":37,"column":24},"end":{"line":39,"column":null}},"type":"cond-expr","locations":[{"start":{"line":38,"column":8},"end":{"line":38,"column":null}},{"start":{"line":39,"column":8},"end":{"line":39,"column":null}}],"line":37},"4":{"loc":{"start":{"line":45,"column":9},"end":{"line":51,"column":null}},"type":"binary-expr","locations":[{"start":{"line":45,"column":9},"end":{"line":45,"column":null}},{"start":{"line":46,"column":10},"end":{"line":51,"column":null}}],"line":45},"5":{"loc":{"start":{"line":58,"column":28},"end":{"line":58,"column":null}},"type":"cond-expr","locations":[{"start":{"line":58,"column":40},"end":{"line":58,"column":62}},{"start":{"line":58,"column":62},"end":{"line":58,"column":null}}],"line":58},"6":{"loc":{"start":{"line":61,"column":11},"end":{"line":64,"column":null}},"type":"binary-expr","locations":[{"start":{"line":61,"column":11},"end":{"line":61,"column":null}},{"start":{"line":62,"column":12},"end":{"line":64,"column":null}}],"line":61},"7":{"loc":{"start":{"line":72,"column":9},"end":{"line":79,"column":null}},"type":"binary-expr","locations":[{"start":{"line":72,"column":9},"end":{"line":72,"column":null}},{"start":{"line":73,"column":10},"end":{"line":79,"column":null}}],"line":72}},"s":{"0":1,"1":12,"2":12,"3":12,"4":12,"5":12,"6":12,"7":36,"8":1},"f":{"0":12,"1":36},"b":{"0":[12],"1":[12,12],"2":[12,11],"3":[4,8],"4":[12,12],"5":[4,8],"6":[12,2],"7":[12,3]},"meta":{"lastBranch":8,"lastFunction":2,"lastStatement":9,"seen":{"s:17:22:84:Infinity":0,"f:18:2:18:Infinity":0,"b:25:18:25:Infinity":0,"s:31:21:31:Infinity":1,"b:31:21:31:27:31:27:31:Infinity":1,"s:32:22:32:Infinity":2,"b:32:22:32:34:32:34:32:Infinity":2,"s:35:6:35:Infinity":3,"s:37:24:39:Infinity":4,"b:38:8:38:Infinity:39:8:39:Infinity":3,"s:41:30:41:Infinity":5,"s:43:4:81:Infinity":6,"b:45:9:45:Infinity:46:10:51:Infinity":4,"b:58:40:58:62:58:62:58:Infinity":5,"b:61:11:61:Infinity:62:12:64:Infinity":6,"f:66:23:66:24":1,"s:67:12:69:Infinity":7,"b:72:9:72:Infinity:73:10:79:Infinity":7,"s:86:0:86:Infinity":8}}}
,"/Users/porkycode/Documents/porky/test_millon/frontend/src/lib/utils/format.ts": {"path":"/Users/porkycode/Documents/porky/test_millon/frontend/src/lib/utils/format.ts","statementMap":{"0":{"start":{"line":2,"column":2},"end":{"line":7,"column":null}},"1":{"start":{"line":14,"column":18},"end":{"line":14,"column":null}},"2":{"start":{"line":16,"column":68},"end":{"line":21,"column":null}},"3":{"start":{"line":23,"column":2},"end":{"line":23,"column":null}},"4":{"start":{"line":27,"column":2},"end":{"line":29,"column":null}},"5":{"start":{"line":28,"column":4},"end":{"line":28,"column":null}},"6":{"start":{"line":31,"column":2},"end":{"line":33,"column":null}},"7":{"start":{"line":32,"column":4},"end":{"line":32,"column":null}},"8":{"start":{"line":35,"column":24},"end":{"line":35,"column":null}},"9":{"start":{"line":36,"column":2},"end":{"line":36,"column":null}},"10":{"start":{"line":40,"column":2},"end":{"line":42,"column":null}},"11":{"start":{"line":41,"column":4},"end":{"line":41,"column":null}},"12":{"start":{"line":43,"column":2},"end":{"line":43,"column":null}},"13":{"start":{"line":47,"column":2},"end":{"line":47,"column":null}}},"fnMap":{"0":{"name":"formatCurrency","decl":{"start":{"line":1,"column":81},"end":{"line":1,"column":null}},"loc":{"start":{"line":1,"column":81},"end":{"line":8,"column":null}},"line":1},"1":{"name":"formatDate","decl":{"start":{"line":10,"column":16},"end":{"line":10,"column":null}},"loc":{"start":{"line":13,"column":10},"end":{"line":24,"column":null}},"line":13},"2":{"name":"getImageUrl","decl":{"start":{"line":26,"column":16},"end":{"line":26,"column":28}},"loc":{"start":{"line":26,"column":74},"end":{"line":37,"column":null}},"line":26},"3":{"name":"truncateText","decl":{"start":{"line":39,"column":16},"end":{"line":39,"column":29}},"loc":{"start":{"line":39,"column":70},"end":{"line":44,"column":null}},"line":39},"4":{"name":"formatNumber","decl":{"start":{"line":46,"column":16},"end":{"line":46,"column":29}},"loc":{"start":{"line":46,"column":50},"end":{"line":48,"column":null}},"line":46}},"branchMap":{"0":{"loc":{"start":{"line":1,"column":81},"end":{"line":1,"column":null}},"type":"default-arg","locations":[{"start":{"line":1,"column":81},"end":{"line":1,"column":null}}],"line":1},"1":{"loc":{"start":{"line":12,"column":2},"end":{"line":12,"column":null}},"type":"default-arg","locations":[{"start":{"line":12,"column":49},"end":{"line":12,"column":null}}],"line":12},"2":{"loc":{"start":{"line":14,"column":18},"end":{"line":14,"column":null}},"type":"cond-expr","locations":[{"start":{"line":14,"column":45},"end":{"line":14,"column":62}},{"start":{"line":14,"column":62},"end":{"line":14,"column":null}}],"line":14},"3":{"loc":{"start":{"line":27,"column":2},"end":{"line":29,"column":null}},"type":"if","locations":[{"start":{"line":27,"column":2},"end":{"line":29,"column":null}},{"start":{},"end":{}}],"line":27},"4":{"loc":{"start":{"line":31,"column":2},"end":{"line":33,"column":null}},"type":"if","locations":[{"start":{"line":31,"column":2},"end":{"line":33,"column":null}},{"start":{},"end":{}}],"line":31},"5":{"loc":{"start":{"line":31,"column":6},"end":{"line":31,"column":75}},"type":"binary-expr","locations":[{"start":{"line":31,"column":6},"end":{"line":31,"column":41}},{"start":{"line":31,"column":41},"end":{"line":31,"column":75}}],"line":31},"6":{"loc":{"start":{"line":35,"column":24},"end":{"line":35,"column":null}},"type":"binary-expr","locations":[{"start":{"line":35,"column":24},"end":{"line":35,"column":59}},{"start":{"line":35,"column":59},"end":{"line":35,"column":null}}],"line":35},"7":{"loc":{"start":{"line":40,"column":2},"end":{"line":42,"column":null}},"type":"if","locations":[{"start":{"line":40,"column":2},"end":{"line":42,"column":null}},{"start":{},"end":{}}],"line":40}},"s":{"0":67,"1":33,"2":33,"3":33,"4":7,"5":3,"6":4,"7":2,"8":2,"9":7,"10":5,"11":3,"12":2,"13":5},"f":{"0":67,"1":33,"2":7,"3":5,"4":5},"b":{"0":[67],"1":[33],"2":[0,33],"3":[3,4],"4":[2,2],"5":[4,3],"6":[2,0],"7":[3,2]},"meta":{"lastBranch":8,"lastFunction":5,"lastStatement":14,"seen":{"f:1:81:1:Infinity":0,"b:1:81:1:Infinity":0,"s:2:2:7:Infinity":0,"f:10:16:10:Infinity":1,"b:12:49:12:Infinity":1,"s:14:18:14:Infinity":1,"b:14:45:14:62:14:62:14:Infinity":2,"s:16:68:21:Infinity":2,"s:23:2:23:Infinity":3,"f:26:16:26:28":2,"b:27:2:29:Infinity:undefined:undefined:undefined:undefined":3,"s:27:2:29:Infinity":4,"s:28:4:28:Infinity":5,"b:31:2:33:Infinity:undefined:undefined:undefined:undefined":4,"s:31:2:33:Infinity":6,"b:31:6:31:41:31:41:31:75":5,"s:32:4:32:Infinity":7,"s:35:24:35:Infinity":8,"b:35:24:35:59:35:59:35:Infinity":6,"s:36:2:36:Infinity":9,"f:39:16:39:29":3,"b:40:2:42:Infinity:undefined:undefined:undefined:undefined":7,"s:40:2:42:Infinity":10,"s:41:4:41:Infinity":11,"s:43:2:43:Infinity":12,"f:46:16:46:29":4,"s:47:2:47:Infinity":13}}}
}
